<?xml version="1.0" encoding="UTF-8"?>
<!-- Generated by org.testng.reporters.JUnitReportReporter -->
<testsuite hostname="DESKTOP-8M99OO9" name="com.zk.test.APIautoTest" tests="1" failures="0" timestamp="18 Mar 2020 14:08:30 GMT" time="0.588" errors="1">
  <testcase name="test1" time="0.588" classname="com.zk.test.APIautoTest">
    <error type="com.alibaba.fastjson.JSONException" message="syntax error, pos 1, line 1, column 2&lt;!DOCTYPE html&gt;
&lt;!--STATUS OK--&gt;&lt;html&gt; &lt;head&gt;&lt;meta http-equiv=content-type content=text/html;charset=utf-8&gt;&lt;meta http-equiv=X-UA-Compatible content=IE=Edge&gt;&lt;meta content=always name=referrer&gt;&lt;link rel=stylesheet type=text/css href=https://ss1.bdstatic.com/5eN1bjq8AAUYm2zgoY3K/r/www/cache/bdorz/baidu.min.css&gt;&lt;title&gt;百度一下，你就知道&lt;/title&gt;&lt;/head&gt; &lt;body link=#0000cc&gt; &lt;div id=wrapper&gt; &lt;div id=head&gt; &lt;div class=head_wrapper&gt; &lt;div class=s_form&gt; &lt;div class=s_form_wrapper&gt; &lt;div id=lg&gt; &lt;img hidefocus=true src=//www.baidu.com/img/bd_logo1.png width=270 height=129&gt; &lt;/div&gt; &lt;form id=form name=f action=//www.baidu.com/s class=fm&gt; &lt;input type=hidden name=bdorz_come value=1&gt; &lt;input type=hidden name=ie value=utf-8&gt; &lt;input type=hidden name=f value=8&gt; &lt;input type=hidden name=rsv_bp value=1&gt; &lt;input type=hidden name=rsv_idx value=1&gt; &lt;input type=hidden name=tn value=baidu&gt;&lt;span class=&quot;bg s_ipt_wr&quot;&gt;&lt;input id=kw name=wd class=s_ipt value maxlength=255 autocomplete=off autofocus=autofocus&gt;&lt;/span&gt;&lt;span class=&quot;bg s_btn_wr&quot;&gt;&lt;input type=submit id=su value=百度一下 class=&quot;bg s_btn&quot; autofocus&gt;&lt;/span&gt; &lt;/form&gt; &lt;/div&gt; &lt;/div&gt; &lt;div id=u1&gt; &lt;a href=http://news.baidu.com name=tj_trnews class=mnav&gt;新闻&lt;/a&gt; &lt;a href=https://www.hao123.com name=tj_trhao123 class=mnav&gt;hao123&lt;/a&gt; &lt;a href=http://map.baidu.com name=tj_trmap class=mnav&gt;地图&lt;/a&gt; &lt;a href=http://v.baidu.com name=tj_trvideo class=mnav&gt;视频&lt;/a&gt; &lt;a href=http://tieba.baidu.com name=tj_trtieba class=mnav&gt;贴吧&lt;/a&gt; &lt;noscript&gt; &lt;a href=http://www.baidu.com/bdorz/login.gif?login&amp;amp;tpl=mn&amp;amp;u=http%3A%2F%2Fwww.baidu.com%2f%3fbdorz_come%3d1 name=tj_login class=lb&gt;登录&lt;/a&gt; &lt;/noscript&gt; &lt;script&gt;document.write(&#039;&lt;a href=&quot;http://www.baidu.com/bdorz/login.gif?login&amp;tpl=mn&amp;u=&#039;+ encodeURIComponent(window.location.href+ (window.location.search === &quot;&quot; ? &quot;?&quot; : &quot;&amp;&quot;)+ &quot;bdorz_come=1&quot;)+ &#039;&quot; name=&quot;tj_login&quot; class=&quot;lb&quot;&gt;登录&lt;/a&gt;&#039;);
                &lt;/script&gt; &lt;a href=//www.baidu.com/more/ name=tj_briicon class=bri style=&quot;display: block;&quot;&gt;更多产品&lt;/a&gt; &lt;/div&gt; &lt;/div&gt; &lt;/div&gt; &lt;div id=ftCon&gt; &lt;div id=ftConw&gt; &lt;p id=lh&gt; &lt;a href=http://home.baidu.com&gt;关于百度&lt;/a&gt; &lt;a href=http://ir.baidu.com&gt;About Baidu&lt;/a&gt; &lt;/p&gt; &lt;p id=cp&gt;&amp;copy;2017&amp;nbsp;Baidu&amp;nbsp;&lt;a href=http://www.baidu.com/duty/&gt;使用百度前必读&lt;/a&gt;&amp;nbsp; &lt;a href=http://jianyi.baidu.com/ class=cp-feedback&gt;意见反馈&lt;/a&gt;&amp;nbsp;京ICP证030173号&amp;nbsp; &lt;img src=//www.baidu.com/img/gs.gif&gt; &lt;/p&gt; &lt;/div&gt; &lt;/div&gt; &lt;/div&gt; &lt;/body&gt; &lt;/html&gt;
">
      <![CDATA[com.alibaba.fastjson.JSONException: syntax error, pos 1, line 1, column 2<!DOCTYPE html>
<!--STATUS OK--><html> <head><meta http-equiv=content-type content=text/html;charset=utf-8><meta http-equiv=X-UA-Compatible content=IE=Edge><meta content=always name=referrer><link rel=stylesheet type=text/css href=https://ss1.bdstatic.com/5eN1bjq8AAUYm2zgoY3K/r/www/cache/bdorz/baidu.min.css><title>百度一下，你就知道</title></head> <body link=#0000cc> <div id=wrapper> <div id=head> <div class=head_wrapper> <div class=s_form> <div class=s_form_wrapper> <div id=lg> <img hidefocus=true src=//www.baidu.com/img/bd_logo1.png width=270 height=129> </div> <form id=form name=f action=//www.baidu.com/s class=fm> <input type=hidden name=bdorz_come value=1> <input type=hidden name=ie value=utf-8> <input type=hidden name=f value=8> <input type=hidden name=rsv_bp value=1> <input type=hidden name=rsv_idx value=1> <input type=hidden name=tn value=baidu><span class="bg s_ipt_wr"><input id=kw name=wd class=s_ipt value maxlength=255 autocomplete=off autofocus=autofocus></span><span class="bg s_btn_wr"><input type=submit id=su value=百度一下 class="bg s_btn" autofocus></span> </form> </div> </div> <div id=u1> <a href=http://news.baidu.com name=tj_trnews class=mnav>新闻</a> <a href=https://www.hao123.com name=tj_trhao123 class=mnav>hao123</a> <a href=http://map.baidu.com name=tj_trmap class=mnav>地图</a> <a href=http://v.baidu.com name=tj_trvideo class=mnav>视频</a> <a href=http://tieba.baidu.com name=tj_trtieba class=mnav>贴吧</a> <noscript> <a href=http://www.baidu.com/bdorz/login.gif?login&amp;tpl=mn&amp;u=http%3A%2F%2Fwww.baidu.com%2f%3fbdorz_come%3d1 name=tj_login class=lb>登录</a> </noscript> <script>document.write('<a href="http://www.baidu.com/bdorz/login.gif?login&tpl=mn&u='+ encodeURIComponent(window.location.href+ (window.location.search === "" ? "?" : "&")+ "bdorz_come=1")+ '" name="tj_login" class="lb">登录</a>');
                </script> <a href=//www.baidu.com/more/ name=tj_briicon class=bri style="display: block;">更多产品</a> </div> </div> </div> <div id=ftCon> <div id=ftConw> <p id=lh> <a href=http://home.baidu.com>关于百度</a> <a href=http://ir.baidu.com>About Baidu</a> </p> <p id=cp>&copy;2017&nbsp;Baidu&nbsp;<a href=http://www.baidu.com/duty/>使用百度前必读</a>&nbsp; <a href=http://jianyi.baidu.com/ class=cp-feedback>意见反馈</a>&nbsp;京ICP证030173号&nbsp; <img src=//www.baidu.com/img/gs.gif> </p> </div> </div> </div> </body> </html>

	at com.alibaba.fastjson.parser.DefaultJSONParser.parse(DefaultJSONParser.java:1480)
	at com.alibaba.fastjson.parser.DefaultJSONParser.parse(DefaultJSONParser.java:1366)
	at com.alibaba.fastjson.JSON.parse(JSON.java:170)
	at com.alibaba.fastjson.JSON.parse(JSON.java:180)
	at com.alibaba.fastjson.JSON.parse(JSON.java:149)
	at com.alibaba.fastjson.JSON.parseObject(JSON.java:241)
	at com.zk.utils.HttpsUtils.doPost(HttpsUtils.java:162)
	at com.zk.test.APIautoTest.post(APIautoTest.java:38)
	at com.zk.test.APIautoTest.test1(APIautoTest.java:108)
	at sun.reflect.NativeMethodAccessorImpl.invoke0(Native Method)
	at sun.reflect.NativeMethodAccessorImpl.invoke(NativeMethodAccessorImpl.java:62)
	at sun.reflect.DelegatingMethodAccessorImpl.invoke(DelegatingMethodAccessorImpl.java:43)
	at java.lang.reflect.Method.invoke(Method.java:498)
	at org.testng.internal.MethodInvocationHelper.invokeMethod(MethodInvocationHelper.java:86)
	at org.testng.internal.Invoker.invokeMethod(Invoker.java:643)
	at org.testng.internal.Invoker.invokeTestMethod(Invoker.java:820)
	at org.testng.internal.Invoker.invokeTestMethods(Invoker.java:1128)
	at org.testng.internal.TestMethodWorker.invokeTestMethods(TestMethodWorker.java:129)
	at org.testng.internal.TestMethodWorker.run(TestMethodWorker.java:112)
	at org.testng.TestRunner.privateRun(TestRunner.java:782)
	at org.testng.TestRunner.run(TestRunner.java:632)
	at org.testng.SuiteRunner.runTest(SuiteRunner.java:366)
	at org.testng.SuiteRunner.runSequentially(SuiteRunner.java:361)
	at org.testng.SuiteRunner.privateRun(SuiteRunner.java:319)
	at org.testng.SuiteRunner.run(SuiteRunner.java:268)
	at org.testng.SuiteRunnerWorker.runSuite(SuiteRunnerWorker.java:52)
	at org.testng.SuiteRunnerWorker.run(SuiteRunnerWorker.java:86)
	at org.testng.TestNG.runSuitesSequentially(TestNG.java:1244)
	at org.testng.TestNG.runSuitesLocally(TestNG.java:1169)
	at org.testng.TestNG.run(TestNG.java:1064)
	at com.zk.Test1.main(Test1.java:31)
]]>
    </error>
  </testcase> <!-- test1 -->
</testsuite> <!-- com.zk.test.APIautoTest -->
